<?xml version="1.0" encoding="UTF-8"?>
<!-- Generated by org.testng.reporters.JUnitXMLReporter -->
<testsuite ignored="0" hostname="IRSYADMA" failures="0" tests="5" name="Default test" time="46.845" errors="0" timestamp="2022-02-04T23:28:59 ICT">
  <testcase classname="com.juaracoding.restassured.MainTest_CRUD" name="test01_post" time="3.167"/>
  <testcase classname="com.juaracoding.restassured.MainTest_CRUD" name="test02_get" time="10.54"/>
  <testcase classname="com.juaracoding.restassured.MainTest_CRUD" name="test03_patch" time="7.686"/>
  <testcase classname="com.juaracoding.restassured.MainTest_CRUD" name="test04_put" time="8.835"/>
  <testcase classname="com.juaracoding.restassured.MainTest_CRUD" name="test04_delete" time="16.574"/>
</testsuite> <!-- Default test -->
