<?xml version="1.0" encoding="UTF-8"?>
<testng-results ignored="0" total="5" passed="5" failed="0" skipped="0">
  <reporter-output>
  </reporter-output>
  <suite started-at="2022-02-04T23:28:12 ICT" name="Default suite" finished-at="2022-02-04T23:28:59 ICT" duration-ms="46845">
    <groups>
    </groups>
    <test started-at="2022-02-04T23:28:12 ICT" name="Default test" finished-at="2022-02-04T23:28:59 ICT" duration-ms="46845">
      <class name="com.juaracoding.restassured.MainTest_CRUD">
        <test-method signature="test01_post()[pri:0, instance:com.juaracoding.restassured.MainTest_CRUD@2e1d27ba]" started-at="2022-02-04T23:28:12 ICT" name="test01_post" finished-at="2022-02-04T23:28:15 ICT" duration-ms="3167" status="PASS">
          <reporter-output>
          </reporter-output>
        </test-method> <!-- test01_post -->
        <test-method signature="test02_get()[pri:1, instance:com.juaracoding.restassured.MainTest_CRUD@2e1d27ba]" started-at="2022-02-04T23:28:15 ICT" name="test02_get" finished-at="2022-02-04T23:28:26 ICT" duration-ms="10540" status="PASS">
          <reporter-output>
          </reporter-output>
        </test-method> <!-- test02_get -->
        <test-method signature="test03_patch()[pri:2, instance:com.juaracoding.restassured.MainTest_CRUD@2e1d27ba]" started-at="2022-02-04T23:28:26 ICT" name="test03_patch" finished-at="2022-02-04T23:28:33 ICT" duration-ms="7686" status="PASS">
          <reporter-output>
          </reporter-output>
        </test-method> <!-- test03_patch -->
        <test-method signature="test04_put()[pri:3, instance:com.juaracoding.restassured.MainTest_CRUD@2e1d27ba]" started-at="2022-02-04T23:28:33 ICT" name="test04_put" finished-at="2022-02-04T23:28:42 ICT" duration-ms="8835" status="PASS">
          <reporter-output>
          </reporter-output>
        </test-method> <!-- test04_put -->
        <test-method signature="test04_delete()[pri:4, instance:com.juaracoding.restassured.MainTest_CRUD@2e1d27ba]" started-at="2022-02-04T23:28:42 ICT" name="test04_delete" finished-at="2022-02-04T23:28:59 ICT" duration-ms="16574" status="PASS">
          <reporter-output>
          </reporter-output>
        </test-method> <!-- test04_delete -->
      </class> <!-- com.juaracoding.restassured.MainTest_CRUD -->
    </test> <!-- Default test -->
  </suite> <!-- Default suite -->
</testng-results>
